  Agent.cpp
  Connection.cpp
  Graph.cpp
  main.cpp
  SceneASearch.cpp
..\src\SceneASearch.cpp(325): warning C4244: 'argumento': conversión de 'int' a 'float'; posible pérdida de datos
..\src\SceneASearch.cpp(328): warning C4244: '=': conversión de 'int' a 'float'; posible pérdida de datos
..\src\SceneASearch.cpp(332): warning C4244: '=': conversión de 'int' a 'float'; posible pérdida de datos
..\src\SceneASearch.cpp(336): warning C4244: '=': conversión de 'int' a 'float'; posible pérdida de datos
..\src\SceneASearch.cpp(340): warning C4244: '=': conversión de 'int' a 'float'; posible pérdida de datos
  SceneASearchMultiple.cpp
..\src\SceneASearchMultiple.cpp(344): warning C4244: 'argumento': conversión de 'int' a 'float'; posible pérdida de datos
..\src\SceneASearchMultiple.cpp(347): warning C4244: '=': conversión de 'int' a 'float'; posible pérdida de datos
..\src\SceneASearchMultiple.cpp(351): warning C4244: '=': conversión de 'int' a 'float'; posible pérdida de datos
..\src\SceneASearchMultiple.cpp(355): warning C4244: '=': conversión de 'int' a 'float'; posible pérdida de datos
..\src\SceneASearchMultiple.cpp(359): warning C4244: '=': conversión de 'int' a 'float'; posible pérdida de datos
  SceneBreadthFirstSearch.cpp
..\src\SceneBreadthFirstSearch.cpp(325): warning C4244: 'argumento': conversión de 'int' a 'float'; posible pérdida de datos
..\src\SceneBreadthFirstSearch.cpp(328): warning C4244: '=': conversión de 'int' a 'float'; posible pérdida de datos
..\src\SceneBreadthFirstSearch.cpp(332): warning C4244: '=': conversión de 'int' a 'float'; posible pérdida de datos
..\src\SceneBreadthFirstSearch.cpp(336): warning C4244: '=': conversión de 'int' a 'float'; posible pérdida de datos
..\src\SceneBreadthFirstSearch.cpp(340): warning C4244: '=': conversión de 'int' a 'float'; posible pérdida de datos
  SceneDijkstra.cpp
..\src\SceneDijkstra.cpp(278): warning C4244: 'argumento': conversión de 'int' a 'float'; posible pérdida de datos
..\src\SceneDijkstra.cpp(331): warning C4244: 'argumento': conversión de 'int' a 'float'; posible pérdida de datos
..\src\SceneDijkstra.cpp(334): warning C4244: '=': conversión de 'int' a 'float'; posible pérdida de datos
..\src\SceneDijkstra.cpp(338): warning C4244: '=': conversión de 'int' a 'float'; posible pérdida de datos
..\src\SceneDijkstra.cpp(342): warning C4244: '=': conversión de 'int' a 'float'; posible pérdida de datos
..\src\SceneDijkstra.cpp(346): warning C4244: '=': conversión de 'int' a 'float'; posible pérdida de datos
  SceneGreedyBFS.cpp
..\src\SceneGreedyBFS.cpp(331): warning C4244: 'argumento': conversión de 'int' a 'float'; posible pérdida de datos
..\src\SceneGreedyBFS.cpp(334): warning C4244: '=': conversión de 'int' a 'float'; posible pérdida de datos
..\src\SceneGreedyBFS.cpp(338): warning C4244: '=': conversión de 'int' a 'float'; posible pérdida de datos
..\src\SceneGreedyBFS.cpp(342): warning C4244: '=': conversión de 'int' a 'float'; posible pérdida de datos
..\src\SceneGreedyBFS.cpp(346): warning C4244: '=': conversión de 'int' a 'float'; posible pérdida de datos
  ScenePathFinding.cpp
  SDL_SimpleApp.cpp
  SteeringBehavior.cpp
C:\Program Files (x86)\Microsoft Visual Studio\2017\Community\VC\Tools\MSVC\14.11.25503\include\utility(216): warning C4244: 'inicializando': conversión de 'int' a 'float'; posible pérdida de datos
  ..\src\SteeringBehavior.cpp(310): note: vea la referencia a la creación de instancias de plantilla de función 'std::pair<Vector2D,float>::pair<Vector2D,int,void,0>(std::pair<Vector2D,int> &&) noexcept' que se está compilando
  ..\src\SteeringBehavior.cpp(310): note: vea la referencia a la creación de instancias de plantilla de función 'std::pair<Vector2D,float>::pair<Vector2D,int,void,0>(std::pair<Vector2D,int> &&) noexcept' que se está compilando
C:\Program Files (x86)\Microsoft Visual Studio\2017\Community\VC\Tools\MSVC\14.11.25503\include\utility(216): warning C4244: 'inicializando': conversión de 'float' a 'int'; posible pérdida de datos
  ..\src\SteeringBehavior.cpp(330): note: vea la referencia a la creación de instancias de plantilla de función 'std::pair<Vector2D,int>::pair<Vector2D,float,void,0>(std::pair<Vector2D,float> &&) noexcept' que se está compilando
  ..\src\SteeringBehavior.cpp(330): note: vea la referencia a la creación de instancias de plantilla de función 'std::pair<Vector2D,int>::pair<Vector2D,float,void,0>(std::pair<Vector2D,float> &&) noexcept' que se está compilando
C:\Program Files (x86)\Microsoft Visual Studio\2017\Community\VC\Tools\MSVC\14.11.25503\include\utility(216): warning C4244: 'argumento': conversión de 'int' a 'float'; posible pérdida de datos
  C:\Program Files (x86)\Microsoft Visual Studio\2017\Community\VC\Tools\MSVC\14.11.25503\include\xmemory0(856): note: vea la referencia a la creación de instancias de plantilla de función 'std::pair<const _Kty,_Ty>::pair<Vector2D,int,void,0>(std::pair<Vector2D,int> &&) noexcept(false)' que se está compilando
          with
          [
              _Kty=Vector2D,
              _Ty=Vector2D
          ]
  C:\Program Files (x86)\Microsoft Visual Studio\2017\Community\VC\Tools\MSVC\14.11.25503\include\xmemory0(856): note: vea la referencia a la creación de instancias de plantilla de función 'std::pair<const _Kty,_Ty>::pair<Vector2D,int,void,0>(std::pair<Vector2D,int> &&) noexcept(false)' que se está compilando
          with
          [
              _Kty=Vector2D,
              _Ty=Vector2D
          ]
  C:\Program Files (x86)\Microsoft Visual Studio\2017\Community\VC\Tools\MSVC\14.11.25503\include\xtree(773): note: vea la referencia a la creación de instancias de plantilla de función 'void std::_Default_allocator_traits<_Alloc>::construct<_Ty,std::pair<Vector2D,int>>(_Alloc &,_Objty *const ,std::pair<Vector2D,int> &&)' que se está compilando
          with
          [
              _Alloc=std::allocator<std::_Tree_node<std::pair<const Vector2D,Vector2D>,std::_Default_allocator_traits<std::allocator<std::pair<const Vector2D,Vector2D>>>::void_pointer>>,
              _Ty=std::pair<const Vector2D,Vector2D>,
              _Objty=std::pair<const Vector2D,Vector2D>
          ]
  C:\Program Files (x86)\Microsoft Visual Studio\2017\Community\VC\Tools\MSVC\14.11.25503\include\xtree(772): note: vea la referencia a la creación de instancias de plantilla de función 'void std::_Default_allocator_traits<_Alloc>::construct<_Ty,std::pair<Vector2D,int>>(_Alloc &,_Objty *const ,std::pair<Vector2D,int> &&)' que se está compilando
          with
          [
              _Alloc=std::allocator<std::_Tree_node<std::pair<const Vector2D,Vector2D>,std::_Default_allocator_traits<std::allocator<std::pair<const Vector2D,Vector2D>>>::void_pointer>>,
              _Ty=std::pair<const Vector2D,Vector2D>,
              _Objty=std::pair<const Vector2D,Vector2D>
          ]
  C:\Program Files (x86)\Microsoft Visual Studio\2017\Community\VC\Tools\MSVC\14.11.25503\include\xtree(961): note: vea la referencia a la creación de instancias de plantilla de función 'std::_Tree_node<_Ty,std::_Default_allocator_traits<_Alloc>::void_pointer> *std::_Tree_comp_alloc<_Traits>::_Buynode<std::pair<Vector2D,int>>(std::pair<Vector2D,int> &&)' que se está compilando
          with
          [
              _Ty=std::pair<const Vector2D,Vector2D>,
              _Alloc=std::allocator<std::pair<const Vector2D,Vector2D>>,
              _Traits=std::_Tmap_traits<Vector2D,Vector2D,std::less<Vector2D>,std::allocator<std::pair<const Vector2D,Vector2D>>,false>
          ]
  C:\Program Files (x86)\Microsoft Visual Studio\2017\Community\VC\Tools\MSVC\14.11.25503\include\xtree(961): note: vea la referencia a la creación de instancias de plantilla de función 'std::_Tree_node<_Ty,std::_Default_allocator_traits<_Alloc>::void_pointer> *std::_Tree_comp_alloc<_Traits>::_Buynode<std::pair<Vector2D,int>>(std::pair<Vector2D,int> &&)' que se está compilando
          with
          [
              _Ty=std::pair<const Vector2D,Vector2D>,
              _Alloc=std::allocator<std::pair<const Vector2D,Vector2D>>,
              _Traits=std::_Tmap_traits<Vector2D,Vector2D,std::less<Vector2D>,std::allocator<std::pair<const Vector2D,Vector2D>>,false>
          ]
  ..\src\SteeringBehavior.cpp(124): note: vea la referencia a la creación de instancias de plantilla de función 'std::pair<std::_Tree_iterator<std::_Tree_val<std::_Tree_simple_types<_Ty>>>,bool> std::_Tree<std::_Tmap_traits<_Kty,Vector2D,_Pr,_Alloc,false>>::emplace<std::pair<Vector2D,int>>(std::pair<Vector2D,int> &&)' que se está compilando
          with
          [
              _Ty=std::pair<const Vector2D,Vector2D>,
              _Kty=Vector2D,
              _Pr=std::less<Vector2D>,
              _Alloc=std::allocator<std::pair<const Vector2D,Vector2D>>
          ]
  ..\src\SteeringBehavior.cpp(124): note: vea la referencia a la creación de instancias de plantilla de función 'std::pair<std::_Tree_iterator<std::_Tree_val<std::_Tree_simple_types<_Ty>>>,bool> std::_Tree<std::_Tmap_traits<_Kty,Vector2D,_Pr,_Alloc,false>>::emplace<std::pair<Vector2D,int>>(std::pair<Vector2D,int> &&)' que se está compilando
          with
          [
              _Ty=std::pair<const Vector2D,Vector2D>,
              _Kty=Vector2D,
              _Pr=std::less<Vector2D>,
              _Alloc=std::allocator<std::pair<const Vector2D,Vector2D>>
          ]
C:\Program Files (x86)\Microsoft Visual Studio\2017\Community\VC\Tools\MSVC\14.11.25503\include\utility(139): warning C4244: 'inicializando': conversión de 'const int' a 'float'; posible pérdida de datos
  C:\Program Files (x86)\Microsoft Visual Studio\2017\Community\VC\Tools\MSVC\14.11.25503\include\xmemory0(856): note: vea la referencia a la creación de instancias de plantilla de función 'std::pair<const _Kty,_Ty>::pair<Vector2D,int,void,0>(const std::pair<Vector2D,int> &)' que se está compilando
          with
          [
              _Kty=Vector2D,
              _Ty=float
          ]
  C:\Program Files (x86)\Microsoft Visual Studio\2017\Community\VC\Tools\MSVC\14.11.25503\include\xmemory0(856): note: vea la referencia a la creación de instancias de plantilla de función 'std::pair<const _Kty,_Ty>::pair<Vector2D,int,void,0>(const std::pair<Vector2D,int> &)' que se está compilando
          with
          [
              _Kty=Vector2D,
              _Ty=float
          ]
  C:\Program Files (x86)\Microsoft Visual Studio\2017\Community\VC\Tools\MSVC\14.11.25503\include\xtree(773): note: vea la referencia a la creación de instancias de plantilla de función 'void std::_Default_allocator_traits<_Alloc>::construct<_Ty,std::pair<Vector2D,int>&>(_Alloc &,_Objty *const ,std::pair<Vector2D,int> &)' que se está compilando
          with
          [
              _Alloc=std::allocator<std::_Tree_node<std::pair<const Vector2D,float>,std::_Default_allocator_traits<std::allocator<std::pair<const Vector2D,float>>>::void_pointer>>,
              _Ty=std::pair<const Vector2D,float>,
              _Objty=std::pair<const Vector2D,float>
          ]
  C:\Program Files (x86)\Microsoft Visual Studio\2017\Community\VC\Tools\MSVC\14.11.25503\include\xtree(772): note: vea la referencia a la creación de instancias de plantilla de función 'void std::_Default_allocator_traits<_Alloc>::construct<_Ty,std::pair<Vector2D,int>&>(_Alloc &,_Objty *const ,std::pair<Vector2D,int> &)' que se está compilando
          with
          [
              _Alloc=std::allocator<std::_Tree_node<std::pair<const Vector2D,float>,std::_Default_allocator_traits<std::allocator<std::pair<const Vector2D,float>>>::void_pointer>>,
              _Ty=std::pair<const Vector2D,float>,
              _Objty=std::pair<const Vector2D,float>
          ]
  C:\Program Files (x86)\Microsoft Visual Studio\2017\Community\VC\Tools\MSVC\14.11.25503\include\xtree(961): note: vea la referencia a la creación de instancias de plantilla de función 'std::_Tree_node<_Ty,std::_Default_allocator_traits<_Alloc>::void_pointer> *std::_Tree_comp_alloc<_Traits>::_Buynode<std::pair<Vector2D,int>&>(std::pair<Vector2D,int> &)' que se está compilando
          with
          [
              _Ty=std::pair<const Vector2D,float>,
              _Alloc=std::allocator<std::pair<const Vector2D,float>>,
              _Traits=std::_Tmap_traits<Vector2D,float,std::less<Vector2D>,std::allocator<std::pair<const Vector2D,float>>,false>
          ]
  C:\Program Files (x86)\Microsoft Visual Studio\2017\Community\VC\Tools\MSVC\14.11.25503\include\xtree(961): note: vea la referencia a la creación de instancias de plantilla de función 'std::_Tree_node<_Ty,std::_Default_allocator_traits<_Alloc>::void_pointer> *std::_Tree_comp_alloc<_Traits>::_Buynode<std::pair<Vector2D,int>&>(std::pair<Vector2D,int> &)' que se está compilando
          with
          [
              _Ty=std::pair<const Vector2D,float>,
              _Alloc=std::allocator<std::pair<const Vector2D,float>>,
              _Traits=std::_Tmap_traits<Vector2D,float,std::less<Vector2D>,std::allocator<std::pair<const Vector2D,float>>,false>
          ]
  C:\Program Files (x86)\Microsoft Visual Studio\2017\Community\VC\Tools\MSVC\14.11.25503\include\map(201): note: vea la referencia a la creación de instancias de plantilla de función 'std::pair<std::_Tree_iterator<std::_Tree_val<std::_Tree_simple_types<_Ty>>>,bool> std::_Tree<std::_Tmap_traits<_Kty,float,_Pr,_Alloc,false>>::emplace<std::pair<Vector2D,int>&>(std::pair<Vector2D,int> &)' que se está compilando
          with
          [
              _Ty=std::pair<const Vector2D,float>,
              _Kty=Vector2D,
              _Pr=std::less<Vector2D>,
              _Alloc=std::allocator<std::pair<const Vector2D,float>>
          ]
  C:\Program Files (x86)\Microsoft Visual Studio\2017\Community\VC\Tools\MSVC\14.11.25503\include\map(201): note: vea la referencia a la creación de instancias de plantilla de función 'std::pair<std::_Tree_iterator<std::_Tree_val<std::_Tree_simple_types<_Ty>>>,bool> std::_Tree<std::_Tmap_traits<_Kty,float,_Pr,_Alloc,false>>::emplace<std::pair<Vector2D,int>&>(std::pair<Vector2D,int> &)' que se está compilando
          with
          [
              _Ty=std::pair<const Vector2D,float>,
              _Kty=Vector2D,
              _Pr=std::less<Vector2D>,
              _Alloc=std::allocator<std::pair<const Vector2D,float>>
          ]
  ..\src\SteeringBehavior.cpp(331): note: vea la referencia a la creación de instancias de plantilla de función 'std::pair<std::_Tree_iterator<std::_Tree_val<std::_Tree_simple_types<_Ty>>>,bool> std::map<Vector2D,float,std::less<_Kty>,std::allocator<_Ty>>::insert<std::pair<Vector2D,int>&,void>(_Valty)' que se está compilando
          with
          [
              _Ty=std::pair<const Vector2D,float>,
              _Kty=Vector2D,
              _Valty=std::pair<Vector2D,int> &
          ]
  ..\src\SteeringBehavior.cpp(331): note: vea la referencia a la creación de instancias de plantilla de función 'std::pair<std::_Tree_iterator<std::_Tree_val<std::_Tree_simple_types<_Ty>>>,bool> std::map<Vector2D,float,std::less<_Kty>,std::allocator<_Ty>>::insert<std::pair<Vector2D,int>&,void>(_Valty)' que se está compilando
          with
          [
              _Ty=std::pair<const Vector2D,float>,
              _Kty=Vector2D,
              _Valty=std::pair<Vector2D,int> &
          ]
  utils.cpp
  Generando código
  45 of 1058 functions ( 4.3%) were compiled, the rest were copied from previous compilation.
    1 functions were new in current compilation
    84 functions had inline decision re-evaluated but remain unchanged
  Generación de código finalizada
  SDL_Pathfinding.vcxproj -> C:\Users\Adria\Documents\GitHub\IA-Pathfinding\SDL_Pathfinding\\bin\SDL_Pathfinding.exe
